<?xml version="1.0" encoding="UTF-8"?>
<!-- Generated by org.testng.reporters.JUnitReportReporter -->
<testsuite hostname="Manjiri" failures="0" tests="1" name="test.LoginTest" time="10.494" errors="0" timestamp="15 Dec 2023 22:48:32 GMT">
  <testcase classname="test.LoginTest" name="validUserLogin" time="10.494"/>
</testsuite> <!-- test.LoginTest -->
