<?xml version="1.0" encoding="UTF-8"?>
<!-- Generated by org.testng.reporters.JUnitReportReporter -->
<testsuite hostname="Manjiri" failures="0" tests="1" name="util.BrowserFactory" time="1.951" errors="0" timestamp="14 Dec 2023 17:59:32 GMT">
  <testcase classname="util.BrowserFactory" name="init" time="1.951"/>
</testsuite> <!-- util.BrowserFactory -->
